<?xml version="1.0" encoding="UTF-8" ?>
<testsuites>
  <testsuite errors="0" failures="0" hostname="denman-PC" id="0" name="StoreControllerTests" package="gtunes" tests="1" time="0.297" timestamp="2013-05-03T16:58:12">
      <properties />

      <testcase classname="gtunes.StoreControllerTests" name="testSomething" time="0.297" />

      <system-out><![CDATA[--Output from testSomething--
]]></system-out>

      <system-err><![CDATA[--Output from testSomething--
]]></system-err>

  </testsuite>
</testsuites>
